100,6.762796020507812
200,6.174775314331055
300,6.562894003731864
400,3.8918158213297525
500,5.573737250434028
600,5.3939366658528645
700,4.723121643066406
800,6.0277099609375
900,4.707959493001302
1000,5.448845757378472
1100,6.297114372253418
1200,6.5066796875
1300,5.918578147888184
1400,4.898562431335449
1500,5.956442356109619
1600,5.791303634643555
1700,5.527809778849284
1800,6.376572348854759
1900,5.711434936523437
2000,5.833009084065755
2100,6.756584167480469
2200,4.475160598754883
2300,5.796216692243304
2400,5.06512565612793
2500,5.006031799316406
2600,4.938082122802735
2700,6.187312733043324
2800,5.221830749511719
2900,4.617076328822544
3000,6.959705352783203
3100,6.491664886474609
3200,4.1824814932686945
3300,4.97901862008231
3400,5.238738377888997
3500,5.454254150390625
3600,6.251143561469184
3700,5.829716576470269
3800,5.937398274739583
3900,5.209815979003906
4000,5.559378487723214
4100,6.110254287719727
4200,5.586967468261719
4300,5.549348068237305
4400,7.458646297454834
4500,5.999938011169434
4600,5.023777770996094
4700,5.027645111083984
4800,5.989467075892857
4900,4.957741328648159
5000,6.0269880294799805
5100,6.093502998352051
5200,4.229137420654297
5300,5.899462890625
5400,6.696879069010417
5500,4.813534259796143
5600,5.943290074666341
5700,5.019453048706055
5800,5.320729064941406
5900,6.597042083740234
6000,5.558792538113064
6100,5.378163019816081
6200,8.949590682983398
6300,4.895757463243273
6400,6.370596452192827
6500,4.337300164358957
6600,5.36629638671875
6700,6.161863708496094
6800,5.714755376180013
6900,5.202347755432129
7000,5.200714111328125
7100,5.545769827706473
7200,6.917603174845378
7300,5.985415564643012
7400,5.975330646221455
7500,7.4852851867675785
7600,5.5649055480957035
7700,6.368775107643821
7800,8.954038619995117
7900,5.211131504603794
8000,6.401899814605713
8100,6.633717128208706
8200,5.544439043317523
8300,3.993922097342355
8400,6.9782275031594665
8500,6.126963138580322
8600,6.368003209431966
8700,4.205976168314616
8800,4.972238540649414
8900,5.787221735174006
9000,5.358205413818359
9100,5.426191850142046
9200,6.2759246826171875
9300,5.611646270751953
9400,5.094546726771763
9500,6.464081355503628
9600,4.932196299235026
9700,6.08713436126709
9800,6.702662381258878
9900,6.058770399827224
10000,6.342130661010742
10100,5.638388442993164
10200,5.533165359497071
10300,5.88885007585798
10400,3.4820855458577475
10500,5.248320685492621
10600,5.024913024902344
10700,4.885067939758301
10800,5.719099680582683
10900,4.179437637329102
11000,5.092336866590712
11100,5.859003067016602
11200,6.21811279296875
11300,5.78996467590332
11400,4.877472559611003
11500,5.312795162200928
11600,5.7146046956380205
11700,5.565287907918294
11800,6.014246853915128
11900,5.638394165039062
12000,5.136992454528809
12100,5.949965953826904
12200,4.733578205108643
12300,5.769288744245257
12400,5.235444641113281
12500,5.074241638183594
12600,4.8042041778564455
12700,6.232174960049716
12800,5.396989440917968
12900,4.262466975620815
13000,6.92203426361084
13100,5.749015808105469
13200,4.072690691266741
13300,5.224354335239956
13400,4.798320770263672
13500,4.750113677978516
13600,5.988867865668403
13700,5.671392652723524
13800,5.737470626831055
13900,5.129544394356864
14000,5.496567862374442
14100,5.774487686157227
14200,5.098972320556641
14300,5.399060440063477
14400,6.96973991394043
14500,5.9677534103393555
14600,4.949490356445312
14700,5.194663047790527
14800,5.991537911551339
14900,4.965726579938616
15000,5.256367206573486
15100,6.41372537612915
15200,4.238914489746094
15300,5.7527320861816404
15400,6.053653293185764
15500,4.608370780944824
15600,6.08253796895345
15700,4.919750213623047
15800,5.4565673828125
15900,6.33238771226671
16000,5.557769351535374
16100,4.733327229817708
16200,8.18928337097168
16300,4.863097720675999
16400,6.035730535333807
16500,4.377204622541155
16600,5.154330444335938
16700,6.044599914550782
16800,5.593008677164714
16900,5.194332599639893
17000,5.226393805609809
17100,5.153555188860212
17200,6.692230224609375
17300,5.95838122897678
17400,5.896263709435096
17500,7.421477508544922
17600,5.5490867614746096
17700,6.26677842573686
17800,8.262442270914713
17900,4.988731384277344
18000,6.113874435424805
18100,6.285342625209263
18200,5.408321380615234
18300,4.242489406040737
18400,6.903163236730239
18500,5.6474151611328125
18600,5.621889750162761
18700,4.134036382039388
18800,4.7409563064575195
18900,5.5729848688299
19000,5.071734619140625
19100,5.341916864568537
19200,6.188839305530895
19300,4.888623046875
19400,4.88690676007952
19500,6.525850023542132
19600,4.778199089898004
19700,5.680789470672607
19800,6.376123601740057
19900,5.703333341158354
20000,6.252460956573486
20100,5.710761260986328
20200,5.248234558105469
20300,5.645478384835379
20400,3.6189161936442056
20500,4.97469965616862
20600,4.8407231648763025
20700,4.565876483917236
20800,5.876514434814453
20900,4.193417549133301
21000,5.061637878417969
21100,5.566330432891846
21200,5.759682006835938
21300,5.722238540649414
21400,4.520277659098308
21500,5.248363971710205
21600,5.233593622843425
21700,5.4882863362630205
21800,6.116536920720881
21900,5.648941421508789
22000,5.1271711985270185
22100,5.666875839233398
22200,4.554996013641357
22300,5.5940960475376675
22400,5.158114624023438
22500,5.007386779785156
22600,4.6771392822265625
22700,6.030836625532671
22800,5.1194110870361325
22900,4.38980838230678
23000,6.985879898071289
23100,5.818057060241699
23200,3.996621540614537
23300,5.320171356201172
23400,4.789395014444987
23500,5.069953155517578
23600,5.8624755011664496
23700,5.585823059082031
23800,5.697326024373372
23900,4.86571284702846
24000,5.518523624965122
24100,5.836407470703125
24200,4.999200820922852
24300,5.455350875854492
24400,6.838517665863037
24500,5.895806789398193
24600,4.9042823791503904
24700,5.087019443511963
24800,5.991095951625279
24900,4.675607408796038
25000,5.435715198516846
25100,6.177274703979492
25200,4.111685752868652
25300,5.878778076171875
25400,6.1103871663411455
25500,4.4173502922058105
25600,6.111228942871094
25700,4.725725936889648
25800,5.305575942993164
25900,6.30736584133572
26000,5.4441172281901045
26100,4.988197644551595
26200,7.392359733581543
26300,4.530957963731554
26400,6.0581207275390625
26500,4.261933462960379
26600,5.067467880249024
26700,6.132720947265625
26800,5.545399983723958
26900,4.951439380645752
27000,5.159369150797526
27100,5.1961871555873325
27200,6.50416374206543
27300,5.799199846055773
27400,6.075248131385217
27500,7.341465759277344
27600,5.352260971069336
27700,6.172664989124645
27800,8.404851913452148
27900,5.650056566510882
28000,6.0144243240356445
28100,6.0818023681640625
28200,5.3914369855608255
28300,4.022468839372907
28400,6.816331302418428
28500,5.458125114440918
28600,5.255367914835612
28700,4.095568339029948
28800,4.749350070953369
28900,5.649138017134233
29000,4.944771575927734
29100,5.401536421342329
29200,6.306216846812855
29300,5.18243408203125
29400,5.069488525390625
29500,6.181155613490513
29600,4.895550198025173
29700,5.445095062255859
29800,6.239496404474432
29900,5.947292034442608
30000,5.93057107925415
30100,5.9086761474609375
30200,5.244325256347656
30300,5.353694370814732
30400,3.4029175440470376
30500,4.984748840332031
30600,4.5078577677408855
30700,4.33424186706543
30800,5.928901672363281
30900,3.997463862101237
31000,4.9138336181640625
31100,5.76763391494751
31200,5.814288940429687
31300,5.723347187042236
31400,4.572068532307942
31500,5.087958335876465
31600,5.473563512166341
31700,5.504447937011719
31800,6.278772527521307
31900,5.886159515380859
32000,4.759800275166829
32100,5.927055358886719
32200,4.39537239074707
32300,5.634715488978794
32400,5.131570434570312
32500,5.023632049560547
32600,4.634797668457031
32700,5.875869057395241
32800,4.879705810546875
32900,4.324716295514788
33000,6.581749439239502
33100,6.084523677825928
33200,4.04919079371861
33300,5.261258806501116
33400,4.724713643391927
33500,4.813880920410156
33600,6.257125430636936
33700,5.558167775472005
33800,5.651599884033203
33900,4.9629685538155695
34000,5.494059971400669
34100,5.53863525390625
34200,4.835434436798096
34300,5.3167869567871096
34400,6.844990253448486
34500,5.943709850311279
34600,4.8216796875
34700,5.164821147918701
34800,5.9260760716029575
34900,4.683917999267578
35000,4.76560115814209
35100,5.996329307556152
35200,4.082248687744141
35300,6.12044677734375
35400,6.016505347357856
35500,4.333799362182617
35600,6.054742177327474
35700,4.698168182373047
35800,5.3378337860107425
35900,6.2398935953776045
36000,5.342178768581814
36100,4.937906901041667
36200,7.549077033996582
36300,5.038302527533637
36400,5.926333340731534
36500,4.357552664620536
36600,4.917527770996093
36700,5.6467132568359375
36800,5.652913411458333
36900,5.227447032928467
37000,5.199612511528863
37100,4.958031790597098
37200,6.545372645060222
37300,5.633397844102648
37400,5.819739121657151
37500,7.1337120056152346
37600,5.282532501220703
37700,6.110766324129972
37800,8.044454574584961
37900,5.482118334089007
38000,5.701099395751953
38100,6.057904924665179
38200,5.308552333286831
38300,4.118686403547015
38400,6.435334149528952
38500,5.279787540435791
38600,5.044951756795247
38700,3.909303347269694
38800,4.826868057250977
38900,5.5977935791015625
39000,5.087392807006836
39100,5.377263849431818
39200,6.071897333318537
39300,4.573384094238281
39400,5.137804303850446
39500,5.804631914411273
39600,4.653725094265408
39700,5.2019219398498535
39800,6.110398032448509
39900,5.569234994741587
40000,5.404239177703857
40100,5.922642517089844
40200,5.274824523925782
40300,5.1904465811593195
40400,3.3251625696818032
40500,4.718089209662543
40600,4.445432027180989
40700,4.419851303100586
40800,5.66606330871582
40900,4.208184242248535
41000,4.955849965413411
41100,5.433773994445801
41200,5.455133666992188
41300,5.704381942749023
41400,4.322044372558594
41500,5.123111248016357
41600,5.13750680287679
41700,5.295514106750488
41800,5.96367714621804
41900,5.792686080932617
42000,4.622042020161946
42100,5.499522686004639
42200,4.255861759185791
42300,5.48296138218471
42400,5.098877334594727
42500,4.95654296875
42600,4.714204025268555
42700,5.932486100630327
42800,4.6629070281982425
42900,4.178342274257115
43000,6.1786322593688965
43100,5.857735633850098
43200,3.9653173174176897
43300,5.365624564034598
43400,4.684193929036458
43500,4.639142990112305
43600,5.835179222954644
43700,5.488485124376085
43800,5.57662836710612
43900,4.7436659676688055
44000,5.4146930149623325
44100,5.720714950561524
44200,4.794242858886719
44300,4.755078125
44400,6.8940582275390625
44500,5.94872522354126
44600,4.587385177612305
44700,5.440381050109863
44800,5.91571044921875
44900,4.5549101148332864
45000,4.430579662322998
45100,5.980453968048096
45200,4.011927604675293
45300,5.723582458496094
45400,5.860816531711155
45500,4.382814407348633
45600,5.855165481567383
45700,4.631563568115235
45800,5.140262603759766
45900,6.221649169921875
46000,5.300006442599827
46100,4.682044347127278
46200,7.348581790924072
46300,4.597940233018663
46400,5.830433932217685
46500,4.097866330827985
46600,4.997931671142578
46700,5.684064483642578
46800,5.876160939534505
46900,5.115116596221924
47000,5.3056517706976996
47100,5.030947004045759
47200,6.423319498697917
47300,5.566546969943577
47400,5.818308316744291
47500,6.797479248046875
47600,5.213105010986328
47700,6.040591846812855
47800,7.959972381591797
47900,5.082004002162388
48000,7.019023418426514
48100,6.028403145926339
48200,5.234095982142857
48300,3.96221433367048
48400,6.617961210363052
48500,5.479707717895508
48600,5.368507385253906
48700,3.3544082641601562
48800,4.884411334991455
48900,5.3785532171076
49000,4.802370071411133
49100,5.292832114479759
49200,5.736472043124112
49300,4.779006576538086
49400,4.609880719866071
49500,5.783455984933036
49600,4.67571046617296
49700,4.715734481811523
49800,5.8892600319602275
49900,5.6943805401141825
50000,5.497847557067871
50100,5.665140151977539
50200,5.524443817138672
50300,5.724697113037109
50400,3.5523147583007812
50500,4.967894660101996
50600,4.793870544433593
50700,4.277639389038086
50800,5.615100224812825
50900,4.017374038696289
51000,5.0185657077365455
51100,5.63389253616333
51200,5.84385986328125
51300,5.884372234344482
51400,4.01830514272054
51500,4.837674140930176
51600,5.169633865356445
51700,5.344953536987305
51800,5.921557339754972
51900,5.800009536743164
52000,4.733738263448079
52100,6.38001012802124
52200,4.025631427764893
52300,4.666510990687779
52400,4.893093109130859
52500,4.691662979125977
52600,4.546213912963867
52700,5.689625826748935
52800,4.792367172241211
52900,4.276008878435407
53000,6.2990241050720215
53100,5.644043922424316
53200,4.166506903512137
53300,5.35255377633231
53400,4.541614532470703
53500,4.668873596191406
53600,5.759785970052083
53700,5.472007327609592
53800,5.480873107910156
53900,5.310914175851004
54000,5.232141767229352
54100,5.289929962158203
54200,4.613706111907959
54300,4.62920036315918
54400,6.478994846343994
54500,6.300825119018555
54600,4.722062683105468
54700,4.8627495765686035
54800,5.979656219482422
54900,4.51164300101144
55000,4.537209987640381
55100,5.7122697830200195
55200,3.9086008071899414
55300,5.707666015625
55400,5.895440419514974
55500,4.044867992401123
55600,5.8349965413411455
55700,4.999945449829101
55800,5.349481201171875
55900,6.294093661838108
56000,5.394092559814453
56100,4.550570170084636
56200,7.404374122619629
56300,4.4861195882161455
56400,5.670272133567116
56500,3.8951514107840404
56600,4.730702972412109
56700,5.491359710693359
56800,5.665887196858724
56900,5.0762410163879395
57000,5.156887478298611
57100,5.081571306501116
57200,6.050729115804036
57300,5.328669653998481
57400,5.734274644118089
57500,6.533305358886719
57600,5.086289978027343
57700,5.904713717373935
57800,7.6181996663411455
57900,4.881134033203125
58000,5.646030902862549
58100,5.918643406459263
58200,5.263986315046038
58300,4.015447071620396
58400,6.5700782327091
58500,5.394392490386963
58600,4.964126269022624
58700,3.183307647705078
58800,4.90052604675293
58900,5.37030063975941
59000,4.858038711547851
59100,5.356654774058949
59200,5.545286351984197
59300,4.822574615478516
59400,4.8509401593889505
59500,5.318345206124442
59600,4.569237603081597
59700,4.305441856384277
59800,5.9366982199928975
59900,5.646032480093149
60000,5.282486438751221
60100,5.7302093505859375
60200,5.392826843261719
60300,5.554919106619699
60400,3.151371955871582
60500,4.875244988335504
60600,4.520069376627604
60700,4.514909267425537
60800,5.61962890625
60900,4.191101710001628
61000,4.797020382351345
61100,5.259322643280029
61200,5.875486450195313
61300,5.674765586853027
61400,3.8839953740437827
61500,4.8490800857543945
61600,5.195783615112305
61700,5.218448638916016
61800,5.917759982022372
61900,5.767289352416992
62000,4.667199452718099
62100,5.611038684844971
62200,4.016284942626953
62300,4.258764811924526
62400,5.18195686340332
62500,5.098394775390625
62600,4.456137466430664
62700,5.639944943514737
62800,4.493472290039063
62900,4.321929931640625
63000,6.049623489379883
63100,5.640778541564941
63200,3.9355956486293246
63300,5.215068272181919
63400,4.451015154520671
63500,4.59869384765625
63600,5.674646165635851
63700,5.516075134277344
63800,5.408589045206706
63900,5.274896349225726
64000,5.240729195731027
64100,5.1836597442626955
64200,4.6121673583984375
64300,5.778717803955078
64400,6.58735466003418
64500,6.100466728210449
64600,4.627790832519532
64700,4.835184097290039
64800,5.905404772077288
64900,4.411714553833008
65000,3.7918856143951416
65100,5.739520072937012
65200,4.034203052520752
65300,5.918614196777344
65400,5.895551045735677
65500,4.224314212799072
65600,5.867077509562175
65700,4.710942077636719
65800,5.055425643920898
65900,6.034558614095052
66000,5.4605560302734375
66100,4.483441352844238
66200,7.2289042472839355
66300,5.335106319851345
66400,5.669997822154652
66500,4.246054513113839
66600,4.730755233764649
66700,5.459574508666992
66800,5.657124837239583
66900,4.8238139152526855
67000,5.092300838894314
67100,5.042081560407366
67200,6.282082875569661
67300,5.617966122097439
67400,5.7294182410606975
67500,6.634724426269531
67600,5.037091445922852
67700,5.687464974143288
67800,7.20182991027832
67900,4.634733472551618
68000,5.4233527183532715
68100,5.783364977155413
68200,5.040255955287388
68300,3.8285680498395647
68400,6.484368716969209
68500,5.306175231933594
68600,4.879481315612793
68700,3.0081634521484375
68800,4.835351467132568
68900,5.477685408158735
69000,4.792088317871094
69100,5.232083407315341
69200,5.649839227849787
69300,5.136514282226562
69400,4.626222337995257
69500,5.4866436549595425
69600,4.55443361070421
69700,4.393993377685547
69800,6.339407487349077
69900,5.568240239070012
70000,5.147328853607178
70100,5.261185836791992
70200,5.678436279296875
70300,5.931974683489118
70400,3.105950037638346
70500,4.74570549858941
70600,4.4151769002278645
70700,4.4235639572143555
70800,5.876513163248698
70900,3.8325379689534507
71000,4.684662712944879
71100,5.786213397979736
71200,5.940191650390625
71300,5.865926265716553
71400,4.0431257883707685
71500,4.913776397705078
71600,4.78485107421875
71700,5.311960538228353
71800,5.6330861178311435
71900,5.731365966796875
72000,4.662432670593262
72100,5.4927144050598145
72200,3.857773780822754
72300,4.046796798706055
72400,4.824271011352539
72500,4.810842895507813
72600,4.189179229736328
72700,5.811635797674006
72800,4.462252044677735
72900,4.276487077985491
73000,6.332869529724121
73100,5.613625526428223
73200,3.982067653111049
73300,5.065890175955636
73400,4.202418327331543
73500,4.6144859313964846
73600,5.614489237467448
73700,5.410422007242839
73800,5.292748133341472
73900,4.918962751116071
74000,5.120467049734933
74100,5.302080535888672
74200,4.505420684814453
74300,4.901897430419922
74400,6.361381530761719
74500,6.125375747680664
74600,4.539590454101562
74700,4.842949867248535
74800,5.842148917061942
74900,4.326055254255023
75000,4.060052871704102
75100,5.5302042961120605
75200,3.782899856567383
75300,5.810649108886719
75400,5.567523956298828
75500,4.153900623321533
75600,5.823019027709961
75700,4.856692886352539
75800,5.1040290832519535
75900,6.147850036621094
76000,5.1365771823459205
76100,4.43934694925944
76200,6.995151996612549
76300,4.2695494757758246
76400,5.367764559659091
76500,3.8862081255231584
76600,4.65825080871582
76700,5.236594009399414
76800,5.606984456380208
76900,4.821796417236328
77000,5.098901960584852
77100,4.971794128417969
77200,6.17405637105306
77300,5.3597768147786455
77400,5.871481088491587
77500,6.436454010009766
77600,5.163006210327149
77700,5.575909701260653
77800,7.3053944905598955
77900,4.7851442609514505
78000,5.686662673950195
78100,5.8703477042061945
78200,4.8901230948311945
78300,3.7059694017682756
78400,6.382343965418198
78500,5.305248260498047
78600,4.855197270711263
78700,2.984318415323893
78800,4.775241851806641
78900,5.274410941384056
79000,4.8336536407470705
79100,5.360660899769176
79200,5.379018610174006
79300,5.087363815307617
79400,5.078925541469029
79500,5.63836669921875
79600,4.392860412597656
79700,4.570924282073975
79800,6.119190562855113
79900,5.777562068058894
80000,5.0847392082214355
80100,5.335055923461914
80200,5.419245910644531
80300,5.779569898332868
80400,3.511437733968099
80500,4.719867706298828
80600,4.474506632486979
80700,4.401936054229736
80800,5.583581924438477
80900,3.7652533849080405
81000,4.70902336968316
81100,5.228440284729004
81200,5.695657958984375
81300,5.726192474365234
81400,3.7330144246419272
81500,4.8777995109558105
81600,4.636792500813802
81700,5.243763287862142
81800,5.5804925398393115
81900,5.60545539855957
82000,4.50684928894043
82100,5.361305236816406
82200,3.8788905143737793
82300,4.576469966343471
82400,4.845401000976563
82500,4.867127227783203
82600,4.1298370361328125
82700,5.731649572199041
82800,4.27044906616211
82900,4.292152404785156
83000,6.0807623863220215
83100,5.654151916503906
83200,3.966445650373186
83300,5.166063581194196
83400,4.154610951741536
83500,4.523138046264648
83600,6.655681610107422
83700,5.333919101291233
83800,5.025649070739746
83900,5.339966910226004
84000,5.1254697527204245
84100,5.4299163818359375
84200,4.466434478759766
84300,4.761376571655274
84400,6.219770431518555
84500,5.910157203674316
84600,4.6468971252441404
84700,4.84514045715332
84800,5.8255615234375
84900,4.4008314950125555
85000,4.375202655792236
85100,5.697355270385742
85200,3.8838813304901123
85300,5.981068420410156
85400,5.706150478786892
85500,4.184205055236816
85600,5.771963119506836
85700,4.665470123291016
85800,5.0585784912109375
85900,6.119448767768012
86000,5.213202158610026
86100,4.4824269612630205
86200,7.03035831451416
86300,4.306753794352214
86400,5.2697670676491475
86500,3.7710394178118025
86600,4.532022857666016
86700,5.400277328491211
86800,5.575351715087891
86900,4.606806755065918
87000,5.096203274197048
87100,4.935459681919643
87200,6.1203765869140625
87300,5.366562737358941
87400,5.6137530987079325
87500,6.3901317596435545
87600,4.911795425415039
87700,5.75879565152255
87800,8.10309092203776
87900,4.829194205147879
88000,5.41219425201416
88100,6.282088143484933
88200,4.918668474469866
88300,3.709148679460798
88400,6.306069317985983
88500,5.380838871002197
88600,4.810900370279948
88700,3.089313824971517
88800,4.735012054443359
88900,5.195091941139915
89000,4.7943977355957035
89100,5.2408270402388135
89200,5.601029135964134
89300,4.851179122924805
89400,5.039084843226841
89500,5.480865478515625
89600,4.2564807467990455
89700,4.681953430175781
89800,5.574018998579546
89900,5.561863825871394
90000,5.045251846313477
90100,5.1445259094238285
90200,5.5280006408691404
90300,5.726587023053851
90400,2.993441581726074
90500,4.883165147569445
90600,4.465645345052083
90700,4.2441606521606445
90800,5.297243754069011
90900,4.087008476257324
91000,4.671460469563802
91100,5.034700393676758
91200,5.575860595703125
91300,5.753241539001465
91400,4.043485005696614
91500,4.59446382522583
91600,4.344480196634929
91700,5.218101501464844
91800,5.454438989812678
91900,5.447890090942383
92000,4.4545596440633135
92100,5.44155216217041
92200,3.8116273880004883
92300,4.529529844011579
92400,4.728689575195313
92500,4.890774536132812
92600,4.065375900268554
92700,5.644198677756569
92800,3.9717002868652345
92900,3.9423345838274275
93000,5.902836322784424
93100,5.632568836212158
93200,4.104193551199777
93300,5.261202130998884
93400,4.626660664876302
93500,4.412710571289063
93600,5.508204566107856
93700,5.412020789252387
93800,5.075687090555827
93900,5.0560150146484375
94000,4.981499808175223
94100,5.296415710449219
94200,4.319399356842041
94300,4.735136795043945
94400,5.622720241546631
94500,5.676907062530518
94600,4.228046035766601
94700,4.782002925872803
94800,5.798823765345982
94900,4.2851298195975165
95000,4.662927150726318
95100,5.366686820983887
95200,3.9281814098358154
95300,5.86890754699707
95400,5.554203881157769
95500,4.012554168701172
95600,5.708130518595378
95700,4.711896896362305
95800,5.216522598266602
95900,6.162367078993055
96000,5.030385335286458
96100,4.387530008951823
96200,6.974632740020752
96300,4.496830410427517
96400,5.790976090864702
96500,3.7027489798409596
96600,4.458133697509766
96700,5.221327209472657
96800,5.2728271484375
96900,4.6980462074279785
97000,5.302458869086371
97100,4.814952305385044
97200,5.930857976277669
97300,5.390231662326389
97400,5.701526935283955
97500,6.773638916015625
97600,4.9270782470703125
97700,5.93285439231179
97800,7.365853627522786
97900,4.586880820138114
98000,5.580506324768066
98100,6.283051627022879
98200,4.802684783935547
98300,3.5808514186314175
98400,6.357902975643382
98500,5.201381683349609
98600,4.663517951965332
98700,3.130901336669922
98800,4.7448272705078125
98900,5.2728212529962715
99000,4.567227935791015
99100,5.361523021351207
99200,5.516439958052202
99300,4.587812805175782
99400,4.972813197544643
99500,5.481138501848493
99600,4.216672261555989
99700,4.770405292510986
99800,5.373516082763672
99900,5.588279137244592
100000,4.816737651824951
