100,6.99332275390625
200,6.742021179199218
300,7.397269657679966
400,4.637715021769206
500,5.721083747016059
600,5.698289998372396
700,4.83965539932251
800,6.671560287475586
900,4.959720929463704
1000,5.850965287950304
1100,6.351897239685059
1200,6.5439013671875
1300,6.268111228942871
1400,5.2090810139973955
1500,5.744648456573486
1600,5.678265889485677
1700,5.856264750162761
1800,6.001229719682173
1900,6.096282958984375
2000,6.0298919677734375
2100,6.655112266540527
2200,4.440136909484863
2300,6.0752988542829245
2400,5.26666030883789
2500,5.054963684082031
2600,4.9470161437988285
2700,6.009911277077415
2800,5.37083740234375
2900,4.704743521554129
3000,7.097866535186768
3100,6.166675567626953
3200,4.344121660505023
3300,5.188812255859375
3400,5.319583574930827
3500,5.401981353759766
3600,6.146033393012153
3700,6.0533265007866754
3800,5.964867273966472
3900,5.441980089460101
4000,6.0860780988420755
4100,5.9555305480957035
4200,5.463415622711182
4300,5.607289505004883
4400,7.184558868408203
4500,5.951558589935303
4600,5.516960525512696
4700,4.9835028648376465
4800,6.196138654436384
4900,4.911298479352679
5000,6.13840389251709
5100,6.488123416900635
5200,4.354356288909912
5300,6.282921981811524
5400,6.147555457221137
5500,4.75560188293457
5600,5.991219202677409
5700,5.1404579162597654
5800,5.478629684448242
5900,6.784557766384548
6000,5.546133253309462
6100,5.310448010762532
6200,8.608406066894531
6300,5.156202104356554
6400,6.601538224653765
6500,4.198895863124302
6600,5.345866012573242
6700,6.056866836547852
6800,5.785204569498698
6900,5.372488975524902
7000,5.4425913492838545
7100,5.587131500244141
7200,6.941811243693034
7300,5.996834648980035
7400,6.0297382061298075
7500,7.848918151855469
7600,5.668379211425782
7700,6.3788063742897725
7800,8.6625124613444
7900,5.258679526192801
8000,6.123233318328857
8100,6.467930930001395
8200,5.351232256208148
8300,4.186240877423968
8400,6.836498484892004
8500,5.611189365386963
8600,6.256598790486653
8700,4.238121668497722
8800,4.794093608856201
8900,5.872073086825284
9000,5.434531784057617
9100,5.482556429776278
9200,6.4186484596946025
9300,5.3487190246582035
9400,5.083121163504464
9500,6.587384360177176
9600,4.668043348524305
9700,6.034101963043213
9800,6.583149303089488
9900,5.5727703387920675
10000,5.962626934051514
10100,5.615988540649414
10200,5.906314086914063
10300,5.875982557024274
10400,3.542392094930013
10500,5.2634154425726996
10600,5.122845967610677
10700,4.296782970428467
10800,5.9951826731363935
10900,4.203514734903972
11000,5.161404503716363
11100,5.615085601806641
11200,6.327462768554687
11300,5.825054168701172
11400,4.199128786722819
11500,5.459498405456543
11600,5.156359354654948
11700,5.5073089599609375
11800,5.856600674715909
11900,5.697757720947266
12000,4.923828125
12100,5.651625156402588
12200,4.625796794891357
12300,5.3511248997279575
12400,4.992609024047852
12500,4.844538879394531
12600,4.591217041015625
12700,5.849614923650568
12800,4.989934921264648
12900,4.397797175816128
13000,6.862371444702148
13100,5.906086444854736
13200,4.212422234671457
13300,5.529005868094308
13400,4.537926038106282
13500,4.856924438476563
13600,6.31635242038303
13700,5.770540873209636
13800,5.670632680257161
13900,4.5263230460030695
14000,5.575143541608538
14100,5.560274124145508
14200,5.059299945831299
14300,5.28271713256836
14400,6.266394138336182
14500,6.022383689880371
14600,4.871446228027343
14700,4.655055999755859
14800,5.963959285191128
14900,4.349019731794085
15000,5.425876140594482
15100,6.194663047790527
15200,4.2860426902771
15300,5.871061706542969
15400,5.942454020182292
15500,4.4938201904296875
15600,5.742708841959636
15700,5.187290191650391
15800,5.060647201538086
15900,6.737015194363064
16000,6.006234910753038
16100,4.818112055460612
16200,7.717698097229004
16300,4.960020277235243
16400,6.1479880593039775
16500,3.8619997841971263
16600,5.1161140441894535
16700,5.523532867431641
16800,5.547136306762695
16900,5.227354049682617
17000,5.283129374186198
17100,5.297540937151227
17200,6.545942942301433
17300,5.619490729437934
17400,5.956217839167668
17500,7.5053955078125
17600,5.2845909118652346
17700,5.975797479802912
17800,7.976339975992839
17900,4.576253618512835
18000,6.205785751342773
18100,6.307219369070871
18200,5.26109858921596
18300,4.1140240260532925
18400,6.303490582634421
18500,5.588166236877441
18600,5.441108067830403
18700,3.4886948267618814
18800,4.426754951477051
18900,5.6334922096946025
19000,4.9814918518066404
19100,5.681356950239702
19200,6.233836087313565
19300,5.17657699584961
19400,5.0791015625
19500,6.074352264404297
19600,4.64322026570638
19700,5.119566440582275
19800,6.23798925226385
19900,5.47146489070012
20000,5.590871810913086
20100,5.214249038696289
20200,5.412398147583008
20300,5.225323813302176
20400,3.2713101704915366
20500,5.084145016140408
20600,4.604298400878906
20700,4.0296525955200195
20800,5.400262832641602
20900,4.0198971430460615
21000,4.491083357069227
21100,4.764463424682617
21200,5.941278686523438
21300,5.551086902618408
21400,3.8542709350585938
21500,5.148895740509033
21600,5.011278470357259
21700,5.0694936116536455
21800,6.320923545143821
21900,5.416816711425781
22000,4.683847427368164
22100,5.736984729766846
22200,4.485116481781006
22300,4.386635916573661
22400,4.840431213378906
22500,4.292304992675781
22600,4.307643127441406
22700,5.714449449018999
22800,4.998590087890625
22900,4.03841427394322
23000,5.69427490234375
23100,5.773504257202148
23200,4.17389760698591
23300,5.002122061593192
23400,4.231054306030273
23500,4.788109588623047
23600,6.382086859809028
23700,5.408602820502387
23800,5.651492436726888
23900,5.227195194789341
24000,5.213495526994977
24100,5.494526290893555
24200,4.934946537017822
24300,4.520607376098633
24400,5.939186096191406
24500,5.699235916137695
24600,4.235934066772461
24700,4.4840898513793945
24800,5.720558166503906
24900,4.334203992571149
25000,4.5507612228393555
25100,5.887783527374268
25200,3.7888081073760986
25300,5.703004837036133
25400,5.456914689805773
25500,4.365482330322266
25600,5.610047658284505
25700,5.048867034912109
25800,5.313457870483399
25900,6.685164557562934
26000,5.2604929606119795
26100,4.485979080200195
26200,7.513635635375977
26300,4.8289163377549915
26400,5.752902984619141
26500,3.5636664799281528
26600,4.778524780273438
26700,5.372604751586914
26800,5.481351852416992
26900,5.117104530334473
27000,5.005603366427952
27100,4.930187225341797
27200,6.346571604410808
27300,5.193940056694879
27400,5.944218562199519
27500,7.158734893798828
27600,5.206382369995117
27700,5.72749814120206
27800,7.4291941324869795
27900,4.031977244785854
28000,6.218445777893066
28100,5.695475987025669
28200,4.864554268973214
28300,4.149865831647601
28400,6.405476738424862
28500,5.590644359588623
28600,5.2128950754801435
28700,3.1513036092122397
28800,4.287820816040039
28900,5.381929917768999
29000,4.915181732177734
29100,5.584978277033025
29200,5.790341463955966
29300,4.613752746582032
29400,5.031857626778739
29500,5.463376726422991
29600,4.399703131781684
29700,4.704084396362305
29800,5.736650293523615
29900,5.113949115459736
30000,5.4268717765808105
30100,4.914307403564453
30200,5.026374816894531
30300,5.342869349888393
30400,2.9763396581014
30500,5.096721649169922
30600,4.566359456380209
30700,3.7062501907348633
30800,5.2347056070963545
30900,4.045685450236003
31000,4.473377227783203
31100,4.387104034423828
31200,5.6802685546875
31300,5.469857692718506
31400,3.581202507019043
31500,4.864762783050537
31600,4.929345448811849
31700,4.954060236612956
31800,5.989802967418324
31900,5.274079132080078
32000,4.5086924235026045
32100,5.555941581726074
32200,4.562016487121582
32300,4.130399976457868
32400,4.696977615356445
32500,4.162614059448242
32600,4.155601882934571
32700,5.673649874600497
32800,4.760478973388672
32900,3.9283785138811385
33000,5.188233375549316
33100,5.436202049255371
33200,4.121508462088449
33300,5.034095219203404
33400,4.069332440694173
33500,4.591363143920899
33600,6.7769665188259545
33700,5.249851650661892
33800,5.450785319010417
33900,5.419124603271484
34000,4.8457183837890625
34100,5.300791168212891
34200,4.752889633178711
34300,4.421889877319336
34400,5.482402801513672
34500,5.286957263946533
34600,4.522102355957031
34700,4.421971321105957
34800,5.618710109165737
34900,4.100776399884905
35000,4.061714172363281
35100,6.165679931640625
35200,3.5939059257507324
35300,5.895201873779297
35400,5.416602664523655
35500,4.209243297576904
35600,5.501382191975911
35700,4.802968597412109
35800,5.14703369140625
35900,6.79034423828125
36000,5.227456834581163
36100,4.289411226908366
36200,7.425589084625244
36300,4.659525129530165
36400,5.619461753151634
36500,3.456711905343192
36600,4.583427810668946
36700,5.325468063354492
36800,5.2891387939453125
36900,5.286990642547607
37000,4.858050028483073
37100,4.59033203125
37200,6.27565320332845
37300,5.100262112087673
37400,5.651721660907452
37500,6.651132202148437
37600,5.169308471679687
37700,5.68940526788885
37800,7.173394521077474
37900,3.8473990304129466
38000,5.80748176574707
38100,5.815401349748884
38200,4.633593423025949
38300,3.7697347913469588
38400,6.44222080006319
38500,5.328629493713379
38600,4.535136858622233
38700,3.382375399271647
38800,4.264740943908691
38900,5.270331989635121
39000,5.007646560668945
39100,5.52803559736772
39200,5.239483573219993
39300,4.413129043579102
39400,4.381847654070173
39500,5.1128436497279575
39600,4.53695805867513
39700,4.622028350830078
39800,5.541641582142223
39900,5.37043938269982
40000,5.025984287261963
40100,4.361874389648437
40200,4.840646743774414
40300,5.1892209734235495
40400,2.668593724568685
40500,4.504787021213108
40600,4.175433858235677
40700,3.7219088077545166
40800,4.90786616007487
40900,3.885768254597982
41000,4.061190287272136
41100,4.2938361167907715
41200,5.694803466796875
41300,5.178321838378906
41400,3.4723691940307617
41500,4.520757675170898
41600,4.659375508626302
41700,4.861008008321126
41800,5.853775717995384
41900,4.909436416625977
42000,4.336325963338216
42100,5.509284973144531
42200,4.822715759277344
42300,3.997856412615095
42400,4.570050811767578
42500,3.740047073364258
42600,4.147955703735351
42700,5.522164431485263
42800,4.450805282592773
42900,3.7180189405168806
43000,4.541821002960205
43100,5.476467132568359
43200,3.9132682255336215
43300,4.775151933942523
43400,3.912102381388346
43500,4.377766418457031
43600,6.794305589463976
43700,4.979111565483941
43800,5.412637074788411
43900,4.975149427141462
44000,4.484595707484654
44100,5.122527694702148
44200,4.437060832977295
44300,4.501879501342773
44400,5.414223670959473
44500,5.0842976570129395
44600,4.923155212402344
44700,4.228072643280029
44800,5.675884246826172
44900,3.7959300449916293
45000,3.318511486053467
45100,6.167139053344727
45200,3.5623316764831543
45300,5.762502670288086
45400,5.41184319390191
45500,4.004929542541504
45600,5.3329518636067705
45700,4.745186233520508
45800,5.060669326782227
45900,6.7488513522677955
46000,4.918433295355903
46100,4.206311543782552
46200,7.151754856109619
46300,4.246024237738715
46400,5.334389773282138
46500,3.2354940686907088
46600,4.3673454284667965
46700,5.314271545410156
46800,5.25127379099528
46900,5.169338703155518
47000,4.940355088975695
47100,4.1808896745954245
47200,6.2359053293863935
47300,4.942430708143446
47400,5.503155048076923
47500,6.275920867919922
47600,5.302513885498047
47700,5.627323497425426
47800,7.5500030517578125
47900,3.4162614004952565
48000,5.348535537719727
48100,5.4705674307686945
48200,4.233827318464007
48300,3.70645386832101
48400,6.283265955307904
48500,5.127686023712158
48600,4.092453320821126
48700,3.012112617492676
48800,3.8054354190826416
48900,5.081249930641868
49000,4.950893783569336
49100,5.814428156072443
49200,4.990321072665128
49300,4.31843376159668
49400,4.293609074183872
49500,4.467851093837193
49600,4.330419752332899
49700,4.437851428985596
49800,5.051996751265093
49900,5.277106651893029
50000,4.946657180786133
50100,4.19965934753418
50200,4.481254196166992
50300,4.933995928083148
50400,2.643181641896566
50500,4.202096303304036
50600,4.040282440185547
50700,3.5441951751708984
50800,4.665153503417969
50900,3.4495773315429688
51000,3.3898499806722007
51100,4.36427640914917
51200,5.4608392333984375
51300,4.903881549835205
51400,3.3089799880981445
51500,4.563194274902344
51600,4.6185728708903
51700,4.743198394775391
51800,5.977367054332387
51900,4.615884780883789
52000,4.354421615600586
52100,5.5873613357543945
52200,4.489928245544434
52300,3.6709799085344588
52400,4.200062561035156
52500,2.901906204223633
52600,4.155644226074219
52700,5.353572498668324
52800,4.074499130249023
52900,3.5745620727539062
53000,4.954118728637695
53100,5.272506237030029
53200,3.8185702732631137
53300,4.407756805419922
53400,3.671964645385742
53500,3.9786605834960938
53600,6.902086469862196
53700,4.882857428656684
53800,5.474760055541992
53900,4.403247015816825
54000,4.428051812308175
54100,4.93787956237793
54200,4.4197611808776855
54300,4.256399917602539
54400,5.011902809143066
54500,5.465264320373535
54600,4.980662155151367
54700,4.196018218994141
54800,5.578548976353237
54900,3.7268311636788503
55000,3.2115652561187744
55100,6.414915084838867
55200,3.407841682434082
55300,5.225503158569336
55400,4.780393812391493
55500,4.1187520027160645
55600,5.309352874755859
55700,4.744472503662109
55800,4.846577453613281
55900,6.052609337700738
56000,4.951328277587891
56100,4.13151741027832
56200,7.185475826263428
56300,4.069705963134766
56400,5.039855263449929
56500,3.2542035239083424
56600,4.265452575683594
56700,5.166170120239258
56800,5.174875577290853
56900,4.555471420288086
57000,4.732062021891276
57100,4.148612431117466
57200,5.933474858601888
57300,4.756473117404514
57400,5.525887709397536
57500,6.218023681640625
57600,5.381629943847656
57700,5.410899075594815
57800,6.605262756347656
57900,3.8054106576102122
58000,5.589227676391602
58100,5.247032165527344
58200,4.084158216203962
58300,3.6309171404157365
58400,6.000400318818934
58500,4.947634220123291
58600,4.1744232177734375
58700,3.310217539469401
58800,3.7337112426757812
58900,5.01870380748402
59000,4.961773300170899
59100,6.2990500710227275
59200,5.028359499844638
59300,4.070851898193359
59400,3.850965772356306
59500,4.248324530465262
59600,3.9984919230143228
59700,4.1366286277771
59800,5.2185048190030185
59900,5.399627685546875
60000,4.765414237976074
60100,4.180116271972656
60200,3.8983028411865233
60300,4.823678697858538
60400,2.4482784271240234
60500,3.9617131551106772
60600,4.159959920247396
60700,3.0570406913757324
60800,3.918062210083008
60900,3.593425750732422
61000,3.222478018866645
61100,3.938441276550293
61200,5.426099243164063
61300,4.756071090698242
61400,3.4555139541625977
61500,4.705194473266602
61600,4.725003878275554
61700,4.6053517659505205
61800,5.759796836159446
61900,4.474732208251953
62000,4.37167485555013
62100,5.36389684677124
62200,4.468503952026367
62300,3.570446286882673
62400,3.913495635986328
62500,2.6441934585571287
62600,4.0470935821533205
62700,5.397190093994141
62800,4.031681060791016
62900,3.91234861101423
63000,3.8579421043395996
63100,4.7887067794799805
63200,3.7143581935337613
63300,3.9079162052699496
63400,3.5058437983194985
63500,3.8639602661132812
63600,6.821411980523004
63700,4.909884134928386
63800,5.392690022786458
63900,4.7419248308454245
64000,4.008578709193638
64100,4.716379928588867
64200,4.099564552307129
64300,4.578823089599609
64400,4.333425998687744
64500,4.768433094024658
64600,4.674498748779297
64700,4.602460861206055
64800,5.423950740269253
64900,3.7810914175851003
65000,3.0157976150512695
65100,6.668495178222656
65200,3.4108071327209473
65300,5.031237411499023
65400,5.539521959092882
65500,3.5604398250579834
65600,5.218779881795247
65700,4.654896545410156
65800,4.873249053955078
65900,5.851344638400608
66000,4.836948818630642
66100,3.648024241129557
66200,6.957648754119873
66300,3.8411360846625433
66400,5.14584697376598
66500,3.197369166782924
66600,4.1807090759277346
66700,5.036199569702148
66800,4.874322255452474
66900,4.172248840332031
67000,4.637567308213976
67100,3.979320526123047
67200,5.5928802490234375
67300,4.448904673258464
67400,5.070801368126502
67500,6.012176895141602
67600,5.261908721923828
67700,5.608234752308238
67800,6.074953079223633
67900,3.3379737309047153
68000,4.879183292388916
68100,5.291666303362165
68200,4.255431856427874
68300,3.4123082842145647
68400,5.946527817670037
68500,4.780200481414795
68600,3.694485346476237
68700,2.9779974619547525
68800,4.043675899505615
68900,4.835110751065341
69000,4.8491668701171875
69100,6.312645652077415
69200,4.693831010298296
69300,3.8089828491210938
69400,3.8013319287981306
69500,4.273050580705915
69600,3.8029166327582464
69700,4.168086051940918
69800,4.9969846552068535
69900,5.2577948937049275
70000,4.714241027832031
70100,4.31633415222168
70200,4.591605377197266
70300,4.899380275181362
70400,2.795670827229818
70500,3.4724284278021917
70600,4.148109436035156
70700,2.8837027549743652
70800,3.8495686848958335
70900,3.4337711334228516
71000,2.901297675238715
71100,3.8722190856933594
71200,5.696119384765625
71300,4.327939033508301
71400,3.35523255666097
71500,4.4366374015808105
71600,4.461079279581706
71700,4.687570889790853
71800,5.676705793900923
71900,4.408771896362305
72000,4.198689142862956
72100,5.483335018157959
72200,4.5089945793151855
72300,3.6169237409319197
72400,3.8765304565429686
72500,2.5001995086669924
72600,3.919078826904297
72700,5.69350849498402
72800,3.7473777770996093
72900,3.7752486637660434
73000,4.184591770172119
73100,4.860657691955566
73200,3.8608251299176897
73300,4.1408121926443915
73400,3.3869454065958657
73500,3.6990982055664063
73600,7.111462910970052
73700,4.771136813693577
73800,5.195853233337402
73900,5.070777348109654
74000,3.7826012202671597
74100,4.601493072509766
74200,4.2966108322143555
74300,4.480120849609375
74400,4.6306891441345215
74500,4.579245567321777
74600,5.020735168457032
74700,3.8287577629089355
74800,5.441462925502232
74900,3.56103515625
75000,2.843846082687378
75100,6.1373443603515625
75200,3.2567453384399414
75300,5.037444305419922
75400,4.778132544623481
75500,4.20629358291626
75600,4.773611704508464
75700,5.058216094970703
75800,4.590355300903321
75900,5.725135803222656
76000,4.989247639973958
76100,3.5292371114095054
76200,6.807980537414551
76300,3.683900621202257
76400,5.198781793767756
76500,3.150947025844029
76600,4.260485458374023
76700,4.8955333709716795
76800,4.728504180908203
76900,3.804020404815674
77000,4.476104312472874
77100,3.7665397099086215
77200,5.748813629150391
77300,4.480370415581597
77400,4.972686180701623
77500,5.738664627075195
77600,5.534445190429688
77700,5.427522832697088
77800,5.642509460449219
77900,3.165514809744699
78000,4.759798526763916
78100,4.698394775390625
78200,4.31488037109375
78300,3.1450282505580356
78400,5.814236809225643
78500,4.7132182121276855
78600,3.644589106241862
78700,3.145463307698568
78800,3.6976304054260254
78900,4.903857491233132
79000,4.753072738647461
79100,6.200247331099077
79200,4.2523321671919385
79300,3.4982250213623045
79400,3.682893753051758
79500,3.935495376586914
79600,3.561772240532769
79700,4.227314472198486
79800,5.030817898837003
79900,5.125554011418269
80000,4.917340278625488
80100,4.450696563720703
80200,4.272781753540039
80300,4.339239120483398
80400,2.470554987589518
80500,4.113811916775173
80600,3.905112711588542
80700,2.8970532417297363
80800,3.7638537089029946
80900,2.769790013631185
81000,2.8175421820746527
81100,3.9927196502685547
81200,5.402640991210937
81300,4.735866546630859
81400,2.913510004679362
81500,4.321201801300049
81600,5.171291351318359
81700,4.733428319295247
81800,5.393218300559304
81900,4.887161636352539
82000,4.3540957768758135
82100,5.201809883117676
82200,3.475044012069702
82300,3.5480215890066966
82400,3.925083541870117
82500,2.0680213928222657
82600,3.637464904785156
82700,5.0976434187455615
82800,3.704641342163086
82900,2.963769095284598
83000,3.162090301513672
83100,4.620967864990234
83200,3.8313704899379184
83300,3.7978079659598216
83400,3.3534348805745444
83500,3.7462745666503907
83600,7.006718105740017
83700,4.403444078233507
83800,5.028353691101074
83900,5.043763296944754
84000,3.6635330745152066
84100,4.525495529174805
84200,5.03887414932251
84300,4.375092697143555
84400,2.8045668601989746
84500,4.382381916046143
84600,4.733583450317383
84700,4.064018249511719
84800,5.469277518136161
84900,3.7778442927769254
85000,2.167273998260498
85100,6.436702251434326
85200,3.1299545764923096
85300,4.718609237670899
85400,4.875801510281033
85500,3.8216938972473145
85600,4.737498919169108
85700,5.050136566162109
85800,4.960452651977539
85900,5.735718197292751
86000,5.205158233642578
86100,3.4173685709635415
86200,6.620195388793945
86300,3.375078413221571
86400,5.151499661532315
86500,3.356072562081473
86600,4.180251693725586
86700,4.913839721679688
86800,4.48835563659668
86900,3.5449986457824707
87000,4.536802503797743
87100,4.049591064453125
87200,5.510956446329753
87300,4.369188520643446
87400,5.002596341646635
87500,6.056795501708985
87600,4.906999588012695
87700,5.076000907204368
87800,5.9082597096761065
87900,2.8096555982317244
88000,4.627315521240234
88100,4.834792000906808
88200,3.6499110630580356
88300,3.150404793875558
88400,5.727715884937959
88500,4.8412957191467285
88600,4.330210367838542
88700,2.8969189325968423
88800,3.5940849781036377
88900,4.607734333385121
89000,4.797970962524414
89100,6.425610628995028
89200,3.9447257302024146
89300,3.336933898925781
89400,4.105065209524972
89500,4.124228886195591
89600,3.447214550442166
89700,3.2900795936584473
89800,4.682687239213423
89900,4.888448275052584
90000,4.542237281799316
90100,4.647831726074219
90200,3.975375747680664
90300,3.725144522530692
90400,2.5597782135009766
90500,3.6907484266493054
90600,3.978160858154297
90700,2.5994038581848145
90800,3.4180736541748047
90900,2.739378293355306
91000,2.79764281378852
91100,3.5802879333496094
91200,5.385914306640625
91300,4.403782844543457
91400,2.7048727671305337
91500,4.1695756912231445
91600,4.534513791402181
91700,4.631933530171712
91800,5.2588067488236865
91900,5.308755111694336
92000,4.14024289449056
92100,4.463068962097168
92200,4.442800045013428
92300,2.9496552603585378
92400,3.9161163330078126
92500,1.736399269104004
92600,3.736153793334961
92700,4.69782811945135
92800,3.5403057098388673
92900,3.2651004791259766
93000,3.892874002456665
93100,4.651732921600342
93200,4.41077014378139
93300,3.880843026297433
93400,3.0670998891194663
93500,3.4395286560058596
93600,6.915261586507161
93700,4.350326114230686
93800,4.862948099772136
93900,4.452306474958148
94000,3.3672806876046315
94100,3.995071792602539
94200,3.8754429817199707
94300,4.22404899597168
94400,3.049149513244629
94500,4.35043478012085
94600,4.710712051391601
94700,3.988452672958374
94800,5.2437302725655695
94900,3.242340087890625
95000,2.450493335723877
95100,6.151251316070557
95200,2.821272134780884
95300,4.658670806884766
95400,4.735470241970486
95500,4.345575332641602
95600,5.065452575683594
95700,5.446516418457032
95800,5.0629222869873045
95900,5.59252209133572
96000,4.862560272216797
96100,3.610041618347168
96200,6.642814636230469
96300,2.991735670301649
96400,4.5039520263671875
96500,3.4323327200753346
96600,4.46936264038086
96700,4.669036865234375
96800,4.375944137573242
96900,3.6526896953582764
97000,4.68434312608507
97100,3.3049834115164622
97200,5.4270280202229815
97300,3.9164695739746094
97400,5.178340618426983
97500,5.741601943969727
97600,5.084490966796875
97700,4.861073233864524
97800,6.280924479166667
97900,2.7650353567940846
98000,4.410506725311279
98100,4.376985277448382
98200,4.02031135559082
98300,2.585790361676897
98400,5.3694148344152115
98500,4.934974193572998
98600,3.683741251627604
98700,2.921952565511068
98800,3.124478816986084
98900,4.298566991632635
99000,4.928886413574219
99100,6.294278231534091
99200,3.4310781305486504
99300,3.471400833129883
99400,3.78661618913923
99500,4.342183521815708
99600,4.6599621242947045
99700,3.1198952198028564
99800,5.434446161443537
99900,4.643856048583984
100000,4.20648717880249
100100,4.524711608886719
100200,3.793756866455078
100300,3.728410448346819
100400,2.2189242045084634
100500,3.3054943084716797
100600,3.7558349609375
100700,3.19838809967041
100800,3.01708984375
100900,2.4032910664876304
101000,2.738005108303494
101100,3.3640942573547363
101200,5.7589306640625
101300,5.102224349975586
101400,2.8125391006469727
101500,4.220105171203613
101600,5.294412612915039
101700,4.702385584513347
101800,5.77306470003995
101900,5.090935134887696
102000,3.890237808227539
102100,5.391183376312256
102200,4.262147903442383
102300,3.526658739362444
102400,3.7274429321289064
102500,2.630282974243164
102600,3.937704849243164
102700,4.739646564830434
102800,3.3583038330078123
102900,3.149993896484375
103000,2.693129777908325
103100,4.33872127532959
103200,3.2341466631208147
103300,3.429543903895787
103400,2.8055947621663413
103500,3.32708740234375
103600,6.229526519775391
103700,3.982166290283203
103800,4.806161562601726
103900,4.376679829188755
104000,3.4804303305489674
104100,3.8430362701416017
104200,3.90554141998291
104300,4.1806488037109375
104400,2.903902053833008
104500,4.214800834655762
104600,4.005588150024414
104700,3.8726694583892822
104800,5.360143389020648
104900,3.4352013724190846
105000,1.866326093673706
105100,5.7979841232299805
105200,2.8866305351257324
105300,4.501069259643555
105400,4.767339494493273
105500,4.6524128913879395
105600,4.272157669067383
105700,4.641676330566407
105800,5.137067794799805
105900,5.245897081163195
106000,4.99969482421875
106100,2.9520626068115234
106200,6.4315595626831055
106300,3.11203490363227
106400,4.190411654385653
106500,3.035125732421875
106600,4.235992813110352
106700,4.433457565307617
106800,4.650382995605469
106900,3.7176852226257324
107000,4.908964369032118
107100,3.2142344883510043
107200,5.282177925109863
107300,3.8766996595594616
107400,4.956140371469351
107500,5.70878791809082
107600,4.659698867797852
107700,5.267649217085405
107800,5.09477424621582
107900,2.4488893236432756
108000,4.324830055236816
108100,4.264163970947266
108200,3.7839221954345703
108300,2.2736166545322964
108400,5.226192249971278
108500,4.328717231750488
108600,3.7148590087890625
108700,2.5803918838500977
108800,3.0440454483032227
108900,4.236231370405718
109000,4.8065235137939455
109100,5.9952475807883525
109200,3.662474198774858
109300,3.188661003112793
109400,4.257051195417132
109500,3.7724009922572543
109600,3.536352793375651
109700,3.222642421722412
109800,5.154623551802202
109900,4.529856168306791
110000,5.079031467437744
110100,5.172559356689453
110200,3.36461181640625
110300,2.768989018031529
110400,2.5507184664408364
110500,3.612945556640625
110600,3.7525660196940103
110700,2.9798007011413574
110800,2.1875537236531577
110900,2.320748805999756
111000,3.0607435438368054
111100,3.4416322708129883
111200,5.539197387695313
111300,4.011359214782715
111400,2.736989974975586
111500,4.4713592529296875
111600,4.848514874776204
111700,4.519519488016765
111800,5.379308180375532
111900,5.264987945556641
112000,4.316172917683919
112100,5.2032976150512695
112200,3.924142599105835
112300,3.246551513671875
112400,3.5580116271972657
112500,2.2491342544555666
112600,3.437884521484375
112700,5.59564174305309
112800,3.6460903167724608
112900,2.9031200408935547
113000,3.513754367828369
113100,4.6629509925842285
113200,3.1053240639822826
113300,3.447324207850865
113400,3.194385528564453
113500,3.828515625
113600,6.0517701043023004
113700,3.9203821818033853
113800,4.5879770914713545
113900,5.340872628348214
114000,3.021011080060686
114100,4.01190071105957
114200,3.439103603363037
114300,4.0480907440185545
114400,2.09966778755188
114500,4.574721813201904
114600,4.138439559936524
114700,3.404662609100342
114800,5.206123352050781
114900,2.811520440237863
115000,1.6345046758651733
115100,5.8527326583862305
115200,2.6518301963806152
115300,4.570217132568359
115400,4.618685828314887
115500,4.216301918029785
115600,4.582626024881999
115700,4.579848861694336
115800,4.685082626342774
115900,4.999124315049913
116000,4.565864986843533
116100,3.3625272115071616
116200,6.586582183837891
116300,3.352491166856554
116400,4.05896654996005
116500,3.593859536307199
116600,4.228219604492187
116700,4.65814323425293
116800,4.477456092834473
116900,3.8797736167907715
117000,4.204488966200087
117100,3.910834176199777
117200,5.368668874104817
117300,4.2381744384765625
117400,4.503127758319561
117500,5.415713500976563
117600,4.465260314941406
117700,4.970180511474609
117800,3.7392654418945312
117900,2.1134542737688338
118000,4.742945671081543
118100,4.711341857910156
118200,3.6808948516845703
118300,2.1043616703578403
118400,5.338395511402803
118500,4.152161121368408
118600,3.3741868336995444
118700,2.4862049420674643
118800,3.905179023742676
118900,4.273094177246094
119000,5.0907646179199215
119100,6.324315851384943
119200,3.9827742143110796
119300,3.1027313232421876
119400,3.752556392124721
119500,3.5490403856549944
119600,2.6452772352430554
119700,3.3401525020599365
119800,4.81953915682706
119900,4.43334227341872
120000,4.034672737121582
120100,4.906593322753906
120200,3.649697113037109
120300,2.9774270738874162
120400,2.3872326215108237
120500,3.2232428656684027
120600,3.9297818501790363
120700,2.5353527069091797
120800,2.6345179875691733
120900,2.6167052586873374
121000,2.6122438642713757
121100,3.0647034645080566
121200,5.6623382568359375
121300,4.318039417266846
121400,2.733218193054199
121500,4.397408962249756
121600,4.807146708170573
121700,4.43471082051595
121800,6.220633073286577
121900,5.140879058837891
122000,4.391437530517578
122100,4.949619293212891
122200,3.3611505031585693
122300,3.8501344408307756
122400,3.5947532653808594
122500,1.5531875610351562
122600,3.662119674682617
122700,4.783542633056641
122800,3.540840911865234
122900,2.9010489327566966
123000,4.681215286254883
123100,4.336380958557129
123200,2.819201333182199
123300,3.4561585017613004
123400,2.904698371887207
123500,3.6086021423339845
123600,6.041681077745226
123700,4.237797207302517
123800,4.445444107055664
123900,3.972477776663644
124000,2.751997266496931
124100,3.955902099609375
124200,3.784170389175415
124300,4.2483783721923825
124400,2.003204822540283
124500,4.506910800933838
124600,5.289385223388672
124700,3.886854410171509
124800,5.392176491873605
124900,2.810089111328125
125000,1.2673934698104858
125100,6.079292297363281
125200,2.6597206592559814
125300,4.1442821502685545
125400,4.956256442599827
125500,4.451236724853516
125600,4.219973882039388
125700,4.553879928588867
125800,5.19881591796875
125900,5.24180433485243
126000,4.865304734971788
126100,3.7703094482421875
126200,6.541306018829346
126300,3.059829923841688
126400,3.767028115012429
126500,3.382316861833845
126600,4.6875347137451175
126700,4.451876831054688
126800,4.289557139078776
126900,3.5703325271606445
127000,4.634528266059028
127100,3.7693699428013394
127200,5.444576899210612
127300,4.256093343098958
127400,4.613323505108173
127500,5.307838058471679
127600,4.243059921264648
127700,4.828593860973012
127800,3.4797566731770835
127900,2.3925443376813615
128000,4.591888427734375
128100,4.800274985177176
128200,3.6171411786760603
128300,1.9256189891270228
128400,4.67751761043773
128500,4.12831449508667
128600,3.576500574747721
128700,2.456883748372396
128800,3.0122570991516113
128900,3.745574257590554
129000,4.511604690551758
129100,5.6294028542258525
129200,4.780437122691762
129300,3.116660308837891
129400,3.3406783512660434
129500,3.1182005746023997
129600,3.008020189073351
129700,3.133267402648926
129800,4.735694191672585
129900,4.1436441861666164
130000,3.4502062797546387
130100,4.052402114868164
130200,3.034346580505371
130300,2.276721681867327
130400,2.6713155110677085
130500,3.255943934122721
130600,4.0739082336425785
130700,2.210878610610962
130800,2.865873654683431
130900,2.4314287503560386
131000,2.1536958482530384
131100,3.2733981609344482
131200,5.768162231445313
131300,3.9511771202087402
131400,2.7415828704833984
131500,4.042677879333496
131600,5.945020039876302
131700,4.541150410970052
131800,5.671836853027344
131900,5.417613220214844
132000,4.03867785135905
132100,5.270157337188721
132200,3.325201988220215
132300,2.9685753413609097
132400,3.9403717041015627
132500,1.457694149017334
132600,3.4587646484375
132700,4.596965443004262
132800,3.745911407470703
132900,2.9249305725097656
133000,4.341078758239746
133100,3.5557730197906494
133200,3.2093189784458707
133300,3.562936237880162
133400,3.5645933151245117
133500,3.1597597122192385
133600,6.849045647515191
133700,3.8381750318739147
133800,4.309915860493978
133900,4.154629843575614
134000,3.093806947980608
134100,3.5770309448242186
134200,4.7139201164245605
134300,4.371324157714843
134400,2.8557369709014893
134500,3.9017937183380127
134600,4.166405105590821
134700,3.5272154808044434
134800,5.562490735735212
134900,2.9080589839390347
135000,3.24531888961792
135100,5.314145565032959
135200,2.57958984375
135300,4.325785064697266
135400,4.376488579644097
135500,3.9557132720947266
135600,4.334270477294922
135700,4.282497787475586
135800,5.05419807434082
135900,5.508368174235026
136000,4.505555470784505
136100,3.0959644317626953
136200,6.111738204956055
136300,2.5398695203993054
136400,3.1216860684481533
136500,3.0538422720772878
136600,4.392574691772461
136700,4.1159812927246096
136800,4.766619046529134
136900,3.4008593559265137
137000,4.811250474717882
137100,3.8802054268973216
137200,5.024880727132161
137300,3.810535854763455
137400,4.533766819880559
137500,4.7069580078125
137600,4.432442855834961
137700,4.375353726473722
137800,3.3877394994099936
137900,2.4943648747035434
138000,4.259998321533203
138100,4.636251722063337
138200,3.146261760166713
138300,1.8498340334211076
138400,4.881376378676471
138500,4.30694580078125
138600,3.799593925476074
138700,2.198206901550293
138800,2.7731876373291016
138900,3.9900006380948154
139000,4.5310314178466795
139100,6.183197021484375
139200,3.7886803366921167
139300,2.8228498458862306
139400,3.772447041102818
139500,3.3205353873116628
139600,2.954062991672092
139700,2.5213723182678223
139800,4.416787927800959
139900,4.523952777569111
140000,3.6317050457000732
140100,2.7955133438110353
140200,4.484841156005859
140300,2.4763516017368863
140400,2.457775115966797
140500,2.7236715952555337
140600,3.33929443359375
140700,2.164555788040161
140800,2.677980422973633
140900,3.32271416982015
141000,2.9012425740559897
141100,3.369103193283081
141200,5.829200439453125
141300,4.012876033782959
141400,2.590125242869059
141500,3.94875431060791
141600,4.7310791015625
141700,4.53480847676595
141800,5.157696810635653
141900,5.742699813842774
142000,4.441823323567708
142100,4.650177001953125
142200,4.117272853851318
142300,2.707676751273019
142400,3.9312808990478514
142500,0.7550443649291992
142600,3.2993736267089844
142700,4.667332042347301
142800,3.4535789489746094
142900,3.34353882925851
143000,3.092320442199707
143100,4.612784385681152
143200,2.794445582798549
143300,3.2197701590401784
143400,3.6929842631022134
143500,3.5510093688964846
143600,6.212281545003255
143700,3.355881585015191
143800,4.347633043924968
143900,3.6882520403180803
144000,3.328122002737863
144100,3.2999847412109373
144200,3.7158620357513428
144300,4.155301666259765
144400,2.8411543369293213
144500,3.9374194145202637
144600,4.244248962402343
144700,3.81485652923584
144800,5.265454973493304
144900,2.800952366420201
145000,2.166962146759033
145100,6.150562286376953
145200,2.4738569259643555
145300,4.9286346435546875
145400,5.143031650119358
145500,4.184629440307617
145600,4.456815083821614
145700,4.650529098510742
145800,4.798548889160156
145900,4.768976423475477
146000,4.608119116889106
146100,2.6884517669677734
146200,5.520323753356934
146300,3.029096179538303
146400,3.3332869789817114
146500,2.8336590358189175
146600,4.338896179199219
146700,4.127057266235352
146800,3.990413029988607
146900,3.123065233230591
147000,4.350681304931641
147100,3.0934649876185825
147200,4.865490277608235
147300,3.6520919799804688
147400,4.551103151761568
147500,4.732993316650391
147600,5.233267211914063
147700,5.640097184614702
147800,3.665574391682943
147900,3.2073587690080916
148000,4.644689559936523
148100,5.348705291748047
148200,3.5044157845633372
148300,1.721081052507673
148400,5.087378557990579
148500,4.049033164978027
148600,4.044995625813802
148700,2.0326821009318032
148800,3.423489570617676
148900,3.6733339483087715
149000,4.3136436462402346
149100,5.709568023681641
149200,4.207948164506392
149300,2.8772113800048826
149400,3.1803697858537947
149500,3.0441458565848216
149600,2.940787421332465
149700,2.508268356323242
149800,5.573667352849787
149900,4.175895397479717
150000,4.433516025543213
150100,3.638863754272461
150200,4.812043380737305
150300,2.5874413081577847
150400,1.6071585019429524
150500,3.290666792127821
150600,3.4995134989420573
150700,2.4044125080108643
150800,2.0608442624409995
150900,2.9325478871663413
151000,1.8901134067111545
151100,3.0829989910125732
151200,5.784697875976563
151300,3.929732322692871
151400,2.5809157689412436
151500,4.392627239227295
151600,4.89874267578125
151700,4.8729251225789385
151800,5.680743824351918
151900,4.804301452636719
152000,4.347192128499349
152100,5.598479747772217
152200,2.3108789920806885
152300,3.2890848432268416
152400,4.27366943359375
152500,1.045786190032959
152600,3.196675109863281
152700,4.608136263760653
152800,3.793531036376953
152900,2.4766578674316406
153000,2.566826105117798
153100,3.2557685375213623
153200,3.6495770045689175
153300,4.040007455008371
153400,3.196270306905111
153500,3.1253078460693358
153600,6.768464830186632
153700,3.6974690755208335
153800,4.8232072194417315
153900,3.7749056134905135
154000,3.119985580444336
154100,3.489473342895508
154200,3.6538751125335693
154300,4.080243301391602
154400,3.5076704025268555
154500,3.855609893798828
154600,3.634027099609375
154700,3.7127766609191895
154800,5.353962489536831
154900,3.539524350847517
155000,0.9021546840667725
155100,4.662049770355225
155200,2.6266930103302
155300,4.923795318603515
155400,4.048133426242405
155500,3.884014844894409
155600,4.32598336537679
155700,4.387287521362305
155800,4.51129035949707
155900,4.617405361599392
156000,3.4722601572672525
156100,2.985673268636068
156200,5.775968551635742
156300,2.9888170030381946
156400,3.206560655073686
156500,3.428637368338449
156600,4.270103073120117
156700,4.57960090637207
156800,3.941380500793457
156900,3.5547869205474854
157000,4.080999586317274
157100,2.898496082850865
157200,5.000148773193359
157300,3.5806698269314237
157400,4.657355088454026
157500,5.049644470214844
157600,5.128102874755859
157700,5.429200952703303
157800,2.9850072860717773
157900,2.5635482243129184
158000,6.390733242034912
158100,4.9583571297781805
158200,3.2275167192731584
158300,1.4739627838134766
158400,4.183490079991958
158500,3.991607666015625
158600,3.4886646270751953
158700,2.0420285860697427
158800,2.7841484546661377
158900,3.3932599154385654
159000,4.182533264160156
159100,5.76914457841353
159200,3.8075301430442114
159300,2.870977210998535
159400,2.903163637433733
159500,3.3873544420514787
159600,2.6550572713216147
159700,2.5508456230163574
159800,4.635135997425426
159900,4.263799227201021
160000,3.6075215339660645
160100,3.792702484130859
160200,5.237220764160156
160300,2.1687590735299245
160400,1.7746938069661458
160500,3.6932156880696616
160600,3.5214769999186197
160700,2.3105452060699463
160800,2.336475054423014
160900,2.5260523160298667
161000,2.9951197306315103
161100,3.2674224376678467
161200,5.553842163085937
161300,3.481261968612671
161400,2.162138303120931
161500,3.8689088821411133
161600,4.555977503458659
161700,4.65177059173584
161800,5.120450453324751
161900,4.694514465332031
162000,3.8982375462849936
162100,4.517404079437256
162200,2.6320302486419678
162300,2.7665506090436662
162400,3.9670970916748045
162500,0.6557405471801758
162600,3.1178537368774415
162700,4.35509560324929
162800,3.7425403594970703
162900,3.1936302185058594
163000,2.1963272094726562
163100,4.819546222686768
163200,2.7965420314243863
163300,3.02930177961077
163400,3.2692178090413413
163500,3.0761272430419924
163600,6.242138332790798
163700,4.451451195610894
163800,4.677700360616048
163900,3.2904905591692244
164000,3.3813299451555525
164100,3.9924690246582033
164200,3.197465181350708
164300,3.5049823760986327
164400,1.6764408349990845
164500,4.65734338760376
164600,3.74971923828125
164700,3.7351813316345215
164800,5.048657553536551
164900,3.418683188302176
165000,0.7560427784919739
165100,5.518930435180664
165200,2.5088889598846436
165300,4.381904602050781
165400,4.052218119303386
165500,4.103171348571777
165600,4.129751841227214
165700,3.795022964477539
165800,4.387990570068359
165900,4.984714931911892
166000,4.202381134033203
166100,2.3863296508789062
166200,5.519571304321289
166300,2.6202992333306208
166400,3.3149344704367896
166500,2.6459358760288785
166600,3.9991382598876952
166700,4.311471176147461
166800,3.4131902058919272
166900,3.421374797821045
167000,4.038661956787109
167100,3.5960099356515065
167200,4.986029942830403
167300,4.5631603664822045
167400,4.732774294339693
167500,4.825750732421875
167600,4.500775909423828
167700,5.39951567216353
167800,2.24472713470459
167900,2.5604455130440846
168000,4.8477888107299805
168100,4.604831695556641
168200,2.8937034606933594
168300,1.671929223196847
168400,4.363091861500459
168500,3.7654614448547363
168600,3.5949227015177407
168700,1.5128218332926433
168800,2.4076597690582275
168900,3.4080189791592685
169000,4.222537994384766
169100,5.305244445800781
169200,3.800126162442294
169300,2.9452056884765625
169400,3.542235783168248
169500,3.3285124642508372
169600,3.5003267923990884
169700,2.3666651248931885
169800,4.888169722123579
169900,4.233471210186298
170000,3.3155665397644043
170100,3.573241424560547
170200,4.050486755371094
170300,2.2324935368129184
170400,2.465007781982422
170500,3.439264085557726
170600,3.7395029703776044
170700,3.199125051498413
170800,2.2234694163004556
170900,2.0926613807678223
171000,2.8036460876464844
171100,3.2742655277252197
171200,5.5993804931640625
171300,3.4659550189971924
171400,2.4894704818725586
171500,4.209868431091309
171600,4.457273483276367
171700,4.4752810796101885
171800,5.83198339288885
171900,5.089810180664062
172000,3.768383344014486
172100,4.938413143157959
172200,2.677044153213501
172300,1.9892801557268416
172400,3.6537410736083986
172500,1.147646999359131
172600,3.7892776489257813
172700,3.923391168767756
172800,3.585743713378906
172900,3.578595297677176
173000,2.0755319595336914
173100,4.576657295227051
173200,2.858692169189453
173300,3.2279246194022044
173400,2.951770464579264
173500,3.6254295349121093
173600,6.128907097710504
173700,3.763768090142144
173800,4.517774264017741
173900,3.157304218837193
174000,2.970698765345982
174100,3.618068313598633
174200,4.018832683563232
174300,3.8342845916748045
174400,3.4147229194641113
174500,4.139039993286133
174600,3.118321990966797
174700,3.720005750656128
174800,5.375047956194196
174900,2.885622569492885
175000,0.5150814652442932
175100,5.058816909790039
175200,3.8482871055603027
175300,4.926612472534179
175400,3.347472720675998
175500,3.357729196548462
175600,4.205572128295898
175700,3.7347949981689452
175800,4.807028961181641
175900,4.726669735378689
176000,3.5823046366373696
176100,2.5415474573771157
176200,5.32499361038208
176300,2.3079299926757812
176400,3.2091324546120386
176500,2.648219244820731
176600,4.386886978149414
176700,4.241941833496094
176800,3.4933083852132163
176900,3.0181195735931396
177000,3.7147017584906683
177100,3.8149403163364957
177200,4.5128224690755205
177300,4.428006066216363
177400,4.592878781832182
177500,5.156343460083008
177600,4.295122528076172
177700,5.072310014204546
177800,3.1875572204589844
177900,3.1899046216692244
178000,4.251729488372803
178100,3.9484732491629466
178200,3.1631764003208707
178300,1.3291711807250977
178400,4.154180190142463
178500,3.6928176879882812
178600,5.08466370900472
178700,1.4073177973429363
178800,2.5203850269317627
178900,3.080694718794389
179000,4.064425659179688
179100,5.9226906516335225
179200,3.8871803283691406
179300,3.0936737060546875
179400,2.4438111441476003
179500,2.5013632093157088
179600,2.9957843356662326
179700,2.6444215774536133
179800,4.761629971590909
179900,3.965594951923077
180000,3.6649293899536133
180100,3.8891841888427736
180200,4.486719131469727
180300,2.337162290300642
180400,2.1454222997029624
180500,4.023591783311632
180600,3.671177927652995
180700,2.9471449851989746
180800,2.016104062398275
180900,2.3159689903259277
181000,2.243464363945855
181100,3.3382091522216797
181200,5.2767578125
181300,3.821493148803711
181400,2.9696782430013022
181500,3.873659133911133
181600,5.212959289550781
181700,4.332537651062012
181800,5.183274009011009
181900,5.128863143920898
182000,3.667790095011393
182100,4.387547016143799
182200,2.881451368331909
182300,2.7976591927664622
182400,3.8864181518554686
182500,1.036738967895508
182600,3.8132320404052735
182700,4.172939994118431
182800,3.6143478393554687
182900,2.775050844464983
183000,1.9880201816558838
183100,4.458324432373047
183200,3.4087813241141185
183300,3.353013719831194
183400,3.390063921610514
183500,3.5429859161376953
183600,6.572076585557726
183700,3.1805748409695096
183800,4.747577667236328
183900,3.790844236101423
184000,2.8582679203578403
184100,3.375412368774414
184200,3.3876047134399414
184300,4.015668106079102
184400,1.3964399099349976
184500,4.554779052734375
184600,2.2448062896728516
184700,3.80891752243042
184800,5.481473650251116
184900,2.608064651489258
185000,0.8301949501037598
185100,5.1517205238342285
185200,2.8060550689697266
185300,4.636297607421875
185400,4.950522104899089
185500,3.3421733379364014
185600,5.859078725179036
185700,3.7066761016845704
185800,4.384080123901367
185900,4.120011647542317
186000,4.253618452284071
186100,2.4209505716959634
186200,5.349313735961914
186300,2.662094328138563
186400,2.9215469360351562
186500,2.673925127301897
186600,3.994839096069336
186700,4.024804306030274
186800,3.6380135218302407
186900,3.0149917602539062
187000,3.8748190138075085
187100,3.0051678248814175
187200,4.575200080871582
187300,3.8224694993760853
187400,4.39314680833083
187500,5.746128082275391
187600,4.698230361938476
187700,5.026484402743253
187800,3.3371334075927734
187900,2.915208271571568
188000,3.5103843212127686
188100,3.6914700099400113
188200,4.608619689941406
188300,1.7195399148123605
188400,4.235852858599494
188500,3.378417491912842
188600,4.317029317220052
188700,1.5588003794352214
188800,2.8191468715667725
188900,3.114027890292081
189000,4.216954040527344
189100,5.5601418235085225
189200,3.695998798717152
189300,2.8870819091796873
189400,2.9444056919642856
189500,3.221892765590123
189600,2.386186811659071
189700,2.939645767211914
189800,4.3473732688210225
189900,4.085559551532452
190000,3.576535224914551
190100,3.193479537963867
190200,4.688264083862305
190300,1.8345229285103934
190400,2.267199993133545
190500,4.683376736111111
190600,3.5615000406901043
190700,2.5879454612731934
190800,2.416642983754476
190900,2.3131731351216636
191000,2.2127482096354165
191100,2.8499536514282227
191200,5.74536865234375
191300,3.9364089965820312
191400,2.4933255513509116
191500,4.006463050842285
191600,4.498191197713216
191700,4.205391565958659
191800,4.705081592906605
191900,5.155201721191406
192000,3.59056027730306
192100,5.329437732696533
192200,2.2085912227630615
192300,1.5555872235979353
192400,3.6979343414306642
192500,1.3590721130371093
192600,3.3812187194824217
192700,3.861493544145064
192800,3.185142707824707
192900,1.9843379429408483
193000,5.5953216552734375
193100,5.273857116699219
193200,3.4889003208705356
193300,3.651832035609654
193400,2.960712432861328
193500,2.7252132415771486
193600,6.015316433376736
193700,3.870782640245226
193800,4.531694094340007
193900,3.5689146859305247
194000,2.5145280020577565
194100,3.267245864868164
194200,4.19745397567749
194300,3.6999034881591797
194400,1.9848442077636719
194500,4.397551536560059
194600,2.9686859130859373
194700,3.9232325553894043
194800,4.9796246119907925
194900,3.0742184775216237
195000,0.5821326971054077
195100,4.896403789520264
195200,2.659560203552246
195300,4.224280929565429
195400,4.557367112901476
195500,3.9169058799743652
195600,4.076444943745931
195700,3.4321014404296877
195800,4.598308181762695
195900,4.464856465657552
196000,3.8616616990831165
196100,2.45330015818278
196200,5.26491117477417
196300,3.233669916788737
196400,3.784682187167081
196500,2.404435294015067
196600,3.580633544921875
196700,3.955461120605469
196800,3.540168126424154
196900,2.3621463775634766
197000,3.8781009250217013
197100,3.4421018872942244
197200,4.618025143941243
197300,4.231057484944661
197400,4.706852252666767
197500,5.095905303955078
197600,4.455962753295898
197700,4.2106264287775215
197800,1.770646095275879
197900,2.287951333182199
198000,4.039820671081543
198100,3.5845116206577847
198200,3.5995311737060547
198300,1.7694432394845145
198400,4.203907686121323
198500,3.673424243927002
198600,4.151479403177897
198700,1.460172971089681
198800,2.3615009784698486
198900,2.810871124267578
199000,4.264054870605468
199100,5.464805949818004
199200,4.4578798467462715
199300,2.5179481506347656
199400,2.4142883845738004
199500,2.45330810546875
199600,2.576581531100803
199700,2.682347536087036
199800,4.447411277077415
199900,3.769876626821665
200000,4.724826812744141
